<?xml version="1.0" encoding="UTF-8"?>
<testng-results ignored="0" total="1" passed="1" failed="0" skipped="0">
  <reporter-output>
  </reporter-output>
  <suite started-at="2023-11-18T13:20:54 GMT-11:00" name="Default suite" finished-at="2023-11-18T13:21:58 GMT-11:00" duration-ms="63539">
    <groups>
    </groups>
    <test started-at="2023-11-18T13:20:54 GMT-11:00" name="Default test" finished-at="2023-11-18T13:21:58 GMT-11:00" duration-ms="63539">
      <class name="com.tests.HomePageTest">
        <test-method is-config="true" signature="startBrowser()[pri:0, instance:com.tests.HomePageTest@4e08711f]" started-at="2023-11-18T13:20:52 GMT-11:00" name="startBrowser" finished-at="2023-11-18T13:20:54 GMT-11:00" duration-ms="1676" status="PASS">
          <reporter-output>
          </reporter-output>
        </test-method> <!-- startBrowser -->
        <test-method is-config="true" signature="start()[pri:0, instance:com.tests.HomePageTest@4e08711f]" started-at="2023-11-18T13:20:54 GMT-11:00" name="start" finished-at="2023-11-18T13:21:26 GMT-11:00" duration-ms="32194" status="PASS">
          <reporter-output>
          </reporter-output>
        </test-method> <!-- start -->
        <test-method signature="SelectCategoryTest()[pri:0, instance:com.tests.HomePageTest@4e08711f]" started-at="2023-11-18T13:21:26 GMT-11:00" name="SelectCategoryTest" finished-at="2023-11-18T13:21:57 GMT-11:00" duration-ms="31074" status="PASS">
          <reporter-output>
          </reporter-output>
        </test-method> <!-- SelectCategoryTest -->
        <test-method is-config="true" signature="report()[pri:0, instance:com.tests.HomePageTest@4e08711f]" started-at="2023-11-18T13:21:57 GMT-11:00" name="report" finished-at="2023-11-18T13:21:58 GMT-11:00" duration-ms="246" status="PASS">
          <reporter-output>
          </reporter-output>
        </test-method> <!-- report -->
        <test-method is-config="true" signature="close()[pri:0, instance:com.tests.HomePageTest@4e08711f]" started-at="2023-11-18T13:21:58 GMT-11:00" name="close" finished-at="2023-11-18T13:21:58 GMT-11:00" duration-ms="285" status="PASS">
          <reporter-output>
          </reporter-output>
        </test-method> <!-- close -->
      </class> <!-- com.tests.HomePageTest -->
    </test> <!-- Default test -->
  </suite> <!-- Default suite -->
</testng-results>
